
----- Протокол ------ Дата: 07.03.2018 15:38:44 -------- 


----- Параметры --------
-in: 107.txt
-log: 107.txt.log
-IT 
-LT 
Номер ошибки: 107 Сообщение ошибки: Попытка переопределения Строка: 2
---- Исходные данные ------
Количество символов:  69
Проигнорировано:   0
Количество строк:   5


---------------Таблица лексем--------------------------------
Лексема № строки № табл. лексем № табл. идент. 
s       1        0              -              
{       1        1              -              
c       1        2              -              
n       1        3              -              
i       1        4              0              
;       1        5              -              
c       2        6              -              
n       2        7              -              
i       2        8              0              
;       2        9              -              
i       3        10             0              
=       3        11             -              
l       3        12             1              
;       3        13             -              
o       3        14             -              
(       3        15             -              
i       3        16             0              
)       3        17             -              
;       3        18             -              
}       4        19             -              


      
---------------Таблица идентификаторов-------------------------------
Имя идентификатора Тип даных Тип идентификатора № табл. лекс.  Значение	  К-во параметров(для функций) 	  Типы параметров(для функций) 
mlex               integer   Переменная          4              20
literal            integer   Литерал             12             20



---------Промежуточный код------------------------------
01 s{cni;
02 cni;
03 i=l;o(i);
04 }
Шаг :Правило             Входная лента                 Стек                
0   :S->s{N}             s{cni;cni;i=l;o(i);}          S@                  
1   : SAVESTATE:          1
1   :                    s{cni;cni;i=l;o(i);}          s{N}@               
2   :                    {cni;cni;i=l;o(i);}           {N}@                
3   :                    cni;cni;i=l;o(i);}            N}@                 
4   :N->cai;N            cni;cni;i=l;o(i);}            N}@                 
5   : SAVESTATE:          2
5   :                    cni;cni;i=l;o(i);}            cai;N}@             
6   :                    ni;cni;i=l;o(i);}             ai;N}@              
7   : TS_NOK/NS_NORULECHIN
7   : RESSTATE            
7   :                    cni;cni;i=l;o(i);}            N}@                 
8   :N->cni;N            cni;cni;i=l;o(i);}            N}@                 
9   : SAVESTATE:          2
9   :                    cni;cni;i=l;o(i);}            cni;N}@             
10  :                    ni;cni;i=l;o(i);}             ni;N}@              
11  :                    i;cni;i=l;o(i);}              i;N}@               
12  :                    ;cni;i=l;o(i);}               ;N}@                
13  :                    cni;i=l;o(i);}                N}@                 
14  :N->cai;N            cni;i=l;o(i);}                N}@                 
15  : SAVESTATE:          3
15  :                    cni;i=l;o(i);}                cai;N}@             
16  :                    ni;i=l;o(i);}                 ai;N}@              
17  : TS_NOK/NS_NORULECHIN
17  : RESSTATE            
17  :                    cni;i=l;o(i);}                N}@                 
18  :N->cni;N            cni;i=l;o(i);}                N}@                 
19  : SAVESTATE:          3
19  :                    cni;i=l;o(i);}                cni;N}@             
20  :                    ni;i=l;o(i);}                 ni;N}@              
21  :                    i;i=l;o(i);}                  i;N}@               
22  :                    ;i=l;o(i);}                   ;N}@                
23  :                    i=l;o(i);}                    N}@                 
24  :N->i=E;N            i=l;o(i);}                    N}@                 
25  : SAVESTATE:          4
25  :                    i=l;o(i);}                    i=E;N}@             
26  :                    =l;o(i);}                     =E;N}@              
27  :                    l;o(i);}                      E;N}@               
28  :E->l                l;o(i);}                      E;N}@               
29  : SAVESTATE:          5
29  :                    l;o(i);}                      l;N}@               
30  :                    ;o(i);}                       ;N}@                
31  :                    o(i);}                        N}@                 
32  :N->o(E);N           o(i);}                        N}@                 
33  : SAVESTATE:          6
33  :                    o(i);}                        o(E);N}@            
34  :                    (i);}                         (E);N}@             
35  :                    i);}                          E);N}@              
36  :E->i                i);}                          E);N}@              
37  : SAVESTATE:          7
37  :                    i);}                          i);N}@              
38  :                    );}                           );N}@               
39  :                    ;}                            ;N}@                
40  :                    }                             N}@                 
41  : TNS_NORULECHAIN/NS_NORULE
41  : RESSTATE            
41  :                    i);}                          E);N}@              
42  :E->iE               i);}                          E);N}@              
43  : SAVESTATE:          7
43  :                    i);}                          iE);N}@             
44  :                    );}                           E);N}@              
45  : TNS_NORULECHAIN/NS_NORULE
45  : RESSTATE            
45  :                    i);}                          E);N}@              
46  :E->iM               i);}                          E);N}@              
47  : SAVESTATE:          7
47  :                    i);}                          iM);N}@             
48  :                    );}                           M);N}@              
49  : TNS_NORULECHAIN/NS_NORULE
49  : RESSTATE            
49  :                    i);}                          E);N}@              
50  :E->i()              i);}                          E);N}@              
51  : SAVESTATE:          7
51  :                    i);}                          i());N}@            
52  :                    );}                           ());N}@             
53  : TS_NOK/NS_NORULECHIN
53  : RESSTATE            
53  :                    i);}                          E);N}@              
54  :E->i()M             i);}                          E);N}@              
55  : SAVESTATE:          7
55  :                    i);}                          i()M);N}@           
56  :                    );}                           ()M);N}@            
57  : TS_NOK/NS_NORULECHIN
57  : RESSTATE            
57  :                    i);}                          E);N}@              
58  : TNS_NORULECHAIN/NS_NORULE
58  : RESSTATE            
58  :                    o(i);}                        N}@                 
59  :N->o(E);            o(i);}                        N}@                 
60  : SAVESTATE:          6
60  :                    o(i);}                        o(E);}@             
61  :                    (i);}                         (E);}@              
62  :                    i);}                          E);}@               
63  :E->i                i);}                          E);}@               
64  : SAVESTATE:          7
64  :                    i);}                          i);}@               
65  :                    );}                           );}@                
66  :                    ;}                            ;}@                 
67  :                    }                             }@                  
68  :                                                  @                   
69  : LENTA_END           
70  : ------>LENTA_END    
-------------------------------------------------------------------------------------
0   :всего строк 20, синтаксический анализ выполнен без ошибок 


-------------------Дерево разбора-------------------------- 
0   : S->s{N}             
2   : N->cni;N            
6   : N->cni;N            
10  : N->i=E;N            
12  : E->l                
14  : N->o(E);            
16  : E->i                
