c:\users\lenovo\desktop\pes-2018\pes-2018\debug\pes-2018.pch
c:\users\lenovo\desktop\pes-2018\pes-2018\debug\vc141.pdb
c:\users\lenovo\desktop\pes-2018\pes-2018\debug\vc141.idb
c:\users\lenovo\desktop\pes-2018\pes-2018\debug\stdafx.obj
c:\users\lenovo\desktop\pes-2018\pes-2018\debug\parm.obj
c:\users\lenovo\desktop\pes-2018\pes-2018\debug\pn.obj
c:\users\lenovo\desktop\pes-2018\pes-2018\debug\pes-2018.obj
c:\users\lenovo\desktop\pes-2018\pes-2018\debug\mfst.obj
c:\users\lenovo\desktop\pes-2018\pes-2018\debug\log.obj
c:\users\lenovo\desktop\pes-2018\pes-2018\debug\lexanalize.obj
c:\users\lenovo\desktop\pes-2018\pes-2018\debug\lt.obj
c:\users\lenovo\desktop\pes-2018\pes-2018\debug\in.obj
c:\users\lenovo\desktop\pes-2018\pes-2018\debug\it.obj
c:\users\lenovo\desktop\pes-2018\pes-2018\debug\generation.obj
c:\users\lenovo\desktop\pes-2018\pes-2018\debug\grb.obj
c:\users\lenovo\desktop\pes-2018\pes-2018\debug\fst.obj
c:\users\lenovo\desktop\pes-2018\pes-2018\debug\error.obj
c:\users\lenovo\desktop\pes-2018\pes-2018\debug\pes-2018.exe
c:\users\lenovo\desktop\pes-2018\pes-2018\debug\pes-2018.ilk
c:\users\lenovo\desktop\pes-2018\pes-2018\debug\pes-2018.pdb
c:\users\lenovo\desktop\pes-2018\pes-2018\debug\pes-2018.tlog\cl.command.1.tlog
c:\users\lenovo\desktop\pes-2018\pes-2018\debug\pes-2018.tlog\cl.read.1.tlog
c:\users\lenovo\desktop\pes-2018\pes-2018\debug\pes-2018.tlog\cl.write.1.tlog
c:\users\lenovo\desktop\pes-2018\pes-2018\debug\pes-2018.tlog\link.command.1.tlog
c:\users\lenovo\desktop\pes-2018\pes-2018\debug\pes-2018.tlog\link.read.1.tlog
c:\users\lenovo\desktop\pes-2018\pes-2018\debug\pes-2018.tlog\link.write.1.tlog
