  stdafx.cpp
  Error.cpp
c:\users\lenovo\desktop\pes-2018\pes-2018\error.cpp(28): warning C4003: недостаточно аргументов для вызова макроса, подобного функции, "ERROR_ENTRY"
c:\users\lenovo\desktop\pes-2018\pes-2018\error.cpp(31): warning C4003: недостаточно аргументов для вызова макроса, подобного функции, "ERROR_ENTRY"
  FST.cpp
c:\users\lenovo\desktop\pes-2018\pes-2018\fst.cpp(68): warning C4018: <: несоответствие типов со знаком и без знака
  GRB.cpp
  Generation.cpp
  IT.cpp
  In.cpp
  LT.cpp
  LexAnalize.cpp
  Log.cpp
  MFST.cpp
c:\users\lenovo\desktop\pes-2018\pes-2018\mfst.cpp(220): warning C4267: =: преобразование из "size_t" в "short"; возможна потеря данных
  PES-2018.cpp
  PN.cpp
  Parm.cpp
  Создание кода...
  PES-2018.vcxproj -> C:\Users\Lenovo\Desktop\PES-2018\PES-2018\Debug\PES-2018.exe
